TN:
SF:src/adapters/http/routes/compliance.routes.ts
FN:10,(anonymous_0)
FN:36,(anonymous_1)
FN:37,(anonymous_2)
FNF:3
FNH:0
FNDA:0,(anonymous_0)
FNDA:0,(anonymous_1)
FNDA:0,(anonymous_2)
DA:1,0
DA:2,0
DA:3,0
DA:5,0
DA:8,0
DA:11,0
DA:13,0
DA:14,0
DA:15,0
DA:16,0
DA:17,0
DA:19,0
DA:34,0
DA:37,0
DA:41,0
DA:45,0
LF:16
LH:0
BRDA:11,0,0,0
BRDA:17,1,0,0
BRDA:17,1,1,0
BRF:3
BRH:0
end_of_record
TN:
SF:src/adapters/inbound/http/banking.controller.ts
FN:7,createBankingController
FN:14,(anonymous_1)
FN:41,(anonymous_2)
FN:58,(anonymous_3)
FNF:4
FNH:3
FNDA:4,createBankingController
FNDA:0,(anonymous_1)
FNDA:2,(anonymous_2)
FNDA:2,(anonymous_3)
DA:1,1
DA:2,1
DA:3,1
DA:7,1
DA:11,4
DA:14,4
DA:15,0
DA:16,0
DA:17,0
DA:19,0
DA:20,0
DA:23,0
DA:24,0
DA:25,0
DA:27,0
DA:36,0
DA:41,4
DA:42,2
DA:43,2
DA:45,2
DA:46,0
DA:49,2
DA:50,2
DA:51,1
DA:53,1
DA:58,4
DA:59,2
DA:60,2
DA:62,2
DA:63,0
DA:66,2
DA:67,2
DA:68,1
DA:70,1
DA:74,4
LF:35
LH:23
BRDA:19,0,0,0
BRDA:19,1,0,0
BRDA:19,1,1,0
BRDA:45,2,0,0
BRDA:45,3,0,2
BRDA:45,3,1,2
BRDA:45,3,2,2
BRDA:62,4,0,0
BRDA:62,5,0,2
BRDA:62,5,1,2
BRDA:62,5,2,2
BRF:11
BRH:6
end_of_record
TN:
SF:src/adapters/inbound/http/compliance.controller.ts
FN:8,createComplianceController
FN:16,(anonymous_1)
FN:34,(anonymous_2)
FNF:3
FNH:0
FNDA:0,createComplianceController
FNDA:0,(anonymous_1)
FNDA:0,(anonymous_2)
DA:1,0
DA:2,0
DA:3,0
DA:8,0
DA:13,0
DA:16,0
DA:17,0
DA:18,0
DA:19,0
DA:21,0
DA:22,0
DA:25,0
DA:26,0
DA:27,0
DA:29,0
DA:34,0
DA:35,0
DA:36,0
DA:37,0
DA:39,0
DA:40,0
DA:43,0
DA:44,0
DA:45,0
DA:47,0
DA:51,0
LF:26
LH:0
BRDA:21,0,0,0
BRDA:21,1,0,0
BRDA:21,1,1,0
BRDA:39,2,0,0
BRDA:39,3,0,0
BRDA:39,3,1,0
BRF:6
BRH:0
end_of_record
TN:
SF:src/adapters/inbound/http/pools.controller.ts
FN:6,createPoolsController
FN:10,(anonymous_1)
FN:37,(anonymous_2)
FN:47,(anonymous_3)
FNF:4
FNH:2
FNDA:3,createPoolsController
FNDA:3,(anonymous_1)
FNDA:0,(anonymous_2)
FNDA:0,(anonymous_3)
DA:1,1
DA:2,1
DA:4,1
DA:6,1
DA:7,3
DA:10,3
DA:11,3
DA:12,3
DA:14,3
DA:15,0
DA:19,3
DA:20,3
DA:21,2
DA:28,1
DA:29,1
DA:30,1
DA:32,0
DA:37,3
DA:38,0
DA:39,0
DA:40,0
DA:42,0
DA:47,3
DA:48,0
DA:49,0
DA:50,0
DA:51,0
DA:53,0
DA:55,0
DA:59,3
LF:30
LH:18
BRDA:14,0,0,0
BRDA:14,1,0,3
BRDA:14,1,1,3
BRDA:14,1,2,3
BRDA:20,2,0,2
BRDA:50,3,0,0
BRF:6
BRH:4
end_of_record
TN:
SF:src/adapters/inbound/http/routes.controller.ts
FN:7,createRoutesController
FN:11,(anonymous_1)
FN:28,(anonymous_2)
FN:40,(anonymous_3)
FNF:4
FNH:3
FNDA:4,createRoutesController
FNDA:2,(anonymous_1)
FNDA:0,(anonymous_2)
FNDA:2,(anonymous_3)
DA:1,1
DA:2,1
DA:3,1
DA:4,1
DA:7,1
DA:8,4
DA:11,4
DA:12,2
DA:13,2
DA:19,2
DA:20,2
DA:21,2
DA:23,0
DA:28,4
DA:29,0
DA:30,0
DA:31,0
DA:32,0
DA:33,0
DA:35,0
DA:40,4
DA:41,2
DA:42,2
DA:43,2
DA:44,1
DA:46,1
DA:50,4
LF:27
LH:20
BRDA:16,0,0,0
BRDA:16,0,1,2
BRF:2
BRH:1
end_of_record
TN:
SF:src/adapters/outbound/postgres/banking.repository.ts
FN:6,(anonymous_0)
FN:8,(anonymous_1)
FN:16,(anonymous_2)
FN:28,(anonymous_3)
FN:36,(anonymous_4)
FN:44,(anonymous_5)
FNF:6
FNH:0
FNDA:0,(anonymous_0)
FNDA:0,(anonymous_1)
FNDA:0,(anonymous_2)
FNDA:0,(anonymous_3)
FNDA:0,(anonymous_4)
FNDA:0,(anonymous_5)
DA:5,0
DA:6,0
DA:9,0
DA:13,0
DA:17,0
DA:25,0
DA:29,0
DA:33,0
DA:37,0
DA:41,0
DA:45,0
LF:11
LH:0
BRDA:33,0,0,0
BRDA:33,0,1,0
BRDA:41,1,0,0
BRDA:41,1,1,0
BRF:4
BRH:0
end_of_record
TN:
SF:src/adapters/outbound/postgres/compliance.repository.ts
FN:6,(anonymous_0)
FN:8,(anonymous_1)
FN:15,(anonymous_2)
FN:28,(anonymous_3)
FNF:4
FNH:0
FNDA:0,(anonymous_0)
FNDA:0,(anonymous_1)
FNDA:0,(anonymous_2)
FNDA:0,(anonymous_3)
DA:5,0
DA:6,0
DA:9,0
DA:12,0
DA:16,0
DA:25,0
DA:29,0
LF:7
LH:0
BRDA:12,0,0,0
BRDA:12,0,1,0
BRF:2
BRH:0
end_of_record
TN:
SF:src/adapters/outbound/postgres/pool.repository.ts
FN:6,(anonymous_0)
FN:8,(anonymous_1)
FN:16,(anonymous_2)
FN:24,(anonymous_3)
FN:29,(anonymous_4)
FN:32,(anonymous_5)
FN:50,(anonymous_6)
FN:55,(anonymous_7)
FNF:8
FNH:0
FNDA:0,(anonymous_0)
FNDA:0,(anonymous_1)
FNDA:0,(anonymous_2)
FNDA:0,(anonymous_3)
FNDA:0,(anonymous_4)
FNDA:0,(anonymous_5)
FNDA:0,(anonymous_6)
FNDA:0,(anonymous_7)
DA:5,0
DA:6,0
DA:9,0
DA:13,0
DA:17,0
DA:21,0
DA:25,0
DA:29,0
DA:33,0
DA:41,0
DA:51,0
DA:55,0
LF:12
LH:0
BRDA:21,0,0,0
BRDA:21,0,1,0
BRF:2
BRH:0
end_of_record
TN:
SF:src/adapters/outbound/postgres/route.repository.ts
FN:7,(anonymous_0)
FN:9,(anonymous_1)
FN:20,(anonymous_2)
FN:25,(anonymous_3)
FN:30,(anonymous_4)
FN:35,(anonymous_5)
FN:52,(anonymous_6)
FN:59,(anonymous_7)
FNF:8
FNH:0
FNDA:0,(anonymous_0)
FNDA:0,(anonymous_1)
FNDA:0,(anonymous_2)
FNDA:0,(anonymous_3)
FNDA:0,(anonymous_4)
FNDA:0,(anonymous_5)
FNDA:0,(anonymous_6)
FNDA:0,(anonymous_7)
DA:6,0
DA:7,0
DA:10,0
DA:12,0
DA:13,0
DA:14,0
DA:16,0
DA:17,0
DA:21,0
DA:22,0
DA:26,0
DA:27,0
DA:31,0
DA:32,0
DA:36,0
DA:49,0
DA:53,0
DA:60,0
LF:18
LH:0
BRDA:12,0,0,0
BRDA:13,1,0,0
BRDA:14,2,0,0
BRDA:22,3,0,0
BRDA:22,3,1,0
BRDA:27,4,0,0
BRDA:27,4,1,0
BRDA:32,5,0,0
BRDA:32,5,1,0
BRF:9
BRH:0
end_of_record
TN:
SF:src/adapters/repositories/prisma-banking.repository.ts
FN:13,(anonymous_0)
FN:30,(anonymous_1)
FN:48,(anonymous_2)
FN:54,(anonymous_3)
FN:103,(anonymous_4)
FN:110,(anonymous_5)
FN:135,(anonymous_6)
FN:142,(anonymous_7)
FNF:8
FNH:0
FNDA:0,(anonymous_0)
FNDA:0,(anonymous_1)
FNDA:0,(anonymous_2)
FNDA:0,(anonymous_3)
FNDA:0,(anonymous_4)
FNDA:0,(anonymous_5)
FNDA:0,(anonymous_6)
FNDA:0,(anonymous_7)
DA:1,0
DA:10,0
DA:12,0
DA:14,0
DA:31,0
DA:49,0
DA:55,0
DA:59,0
DA:60,0
DA:63,0
DA:64,0
DA:66,0
DA:67,0
DA:68,0
DA:69,0
DA:70,0
DA:71,0
DA:75,0
DA:88,0
DA:89,0
DA:91,0
DA:100,0
DA:104,0
DA:115,0
DA:119,0
DA:120,0
DA:123,0
DA:125,0
DA:136,0
DA:139,0
DA:143,0
DA:146,0
LF:32
LH:0
BRDA:59,0,0,0
BRDA:66,1,0,0
BRDA:66,1,1,0
BRDA:68,2,0,0
BRDA:68,2,1,0
BRDA:68,3,0,0
BRDA:68,3,1,0
BRDA:70,4,0,0
BRDA:88,5,0,0
BRDA:88,5,1,0
BRDA:89,6,0,0
BRDA:89,6,1,0
BRDA:119,7,0,0
BRDA:123,8,0,0
BRDA:123,8,1,0
BRDA:129,9,0,0
BRDA:129,9,1,0
BRDA:130,10,0,0
BRDA:130,10,1,0
BRDA:139,11,0,0
BRDA:139,11,1,0
BRDA:146,12,0,0
BRDA:146,12,1,0
BRF:23
BRH:0
end_of_record
TN:
SF:src/adapters/repositories/prisma-vessel.repository.ts
FN:8,(anonymous_0)
FN:14,(anonymous_1)
FN:20,(anonymous_2)
FN:26,(anonymous_3)
FN:32,(anonymous_4)
FN:39,(anonymous_5)
FN:45,(anonymous_6)
FNF:7
FNH:0
FNDA:0,(anonymous_0)
FNDA:0,(anonymous_1)
FNDA:0,(anonymous_2)
FNDA:0,(anonymous_3)
FNDA:0,(anonymous_4)
FNDA:0,(anonymous_5)
FNDA:0,(anonymous_6)
DA:1,0
DA:5,0
DA:7,0
DA:9,0
DA:15,0
DA:21,0
DA:27,0
DA:33,0
DA:40,0
DA:46,0
LF:10
LH:0
BRF:0
BRH:0
end_of_record
TN:
SF:src/adapters/repositories/prisma-voyage.repository.ts
FN:13,(anonymous_0)
FN:39,(anonymous_1)
FN:54,(anonymous_2)
FN:61,(anonymous_3)
FN:72,(anonymous_4)
FN:79,(anonymous_5)
FN:85,(anonymous_6)
FNF:7
FNH:0
FNDA:0,(anonymous_0)
FNDA:0,(anonymous_1)
FNDA:0,(anonymous_2)
FNDA:0,(anonymous_3)
FNDA:0,(anonymous_4)
FNDA:0,(anonymous_5)
FNDA:0,(anonymous_6)
DA:1,0
DA:10,0
DA:12,0
DA:14,0
DA:16,0
DA:17,0
DA:18,0
DA:19,0
DA:20,0
DA:21,0
DA:24,0
DA:40,0
DA:55,0
DA:64,0
DA:73,0
DA:80,0
DA:86,0
LF:17
LH:0
BRDA:16,0,0,0
BRDA:17,1,0,0
BRDA:18,2,0,0
BRDA:18,3,0,0
BRDA:18,3,1,0
BRDA:20,4,0,0
BRDA:21,5,0,0
BRF:7
BRH:0
end_of_record
TN:
SF:src/application/use-cases/banking.use-cases.ts
FN:7,(anonymous_0)
FN:11,(anonymous_1)
FN:15,(anonymous_2)
FN:32,(anonymous_3)
FN:41,(anonymous_4)
FN:50,(anonymous_5)
FN:70,(anonymous_6)
FN:79,(anonymous_7)
FNF:8
FNH:0
FNDA:0,(anonymous_0)
FNDA:0,(anonymous_1)
FNDA:0,(anonymous_2)
FNDA:0,(anonymous_3)
FNDA:0,(anonymous_4)
FNDA:0,(anonymous_5)
FNDA:0,(anonymous_6)
FNDA:0,(anonymous_7)
DA:1,0
DA:4,0
DA:6,0
DA:8,0
DA:12,0
DA:17,0
DA:18,0
DA:22,0
DA:23,0
DA:24,0
DA:25,0
DA:29,0
DA:33,0
DA:42,0
DA:52,0
DA:61,0
DA:71,0
DA:80,0
DA:85,0
LF:19
LH:0
BRDA:17,0,0,0
BRDA:22,1,0,0
BRDA:24,2,0,0
BRDA:24,3,0,0
BRDA:24,3,1,0
BRDA:37,4,0,0
BRDA:37,4,1,0
BRDA:46,5,0,0
BRDA:46,5,1,0
BRDA:75,6,0,0
BRDA:75,6,1,0
BRF:11
BRH:0
end_of_record
TN:
SF:src/application/use-cases/pool.use-cases.ts
FN:12,(anonymous_0)
FN:16,(anonymous_1)
FN:20,(anonymous_2)
FN:24,(anonymous_3)
FN:32,(anonymous_4)
FN:40,(anonymous_5)
FN:47,(anonymous_6)
FN:53,(anonymous_7)
FN:61,(anonymous_8)
FN:67,(anonymous_9)
FN:75,(anonymous_10)
FNF:11
FNH:0
FNDA:0,(anonymous_0)
FNDA:0,(anonymous_1)
FNDA:0,(anonymous_2)
FNDA:0,(anonymous_3)
FNDA:0,(anonymous_4)
FNDA:0,(anonymous_5)
FNDA:0,(anonymous_6)
FNDA:0,(anonymous_7)
FNDA:0,(anonymous_8)
FNDA:0,(anonymous_9)
FNDA:0,(anonymous_10)
DA:1,0
DA:9,0
DA:11,0
DA:13,0
DA:17,0
DA:21,0
DA:25,0
DA:26,0
DA:27,0
DA:29,0
DA:33,0
DA:34,0
DA:35,0
DA:37,0
DA:41,0
DA:42,0
DA:43,0
DA:47,0
DA:48,0
DA:49,0
DA:53,0
DA:54,0
DA:55,0
DA:58,0
DA:62,0
DA:63,0
DA:64,0
DA:67,0
DA:68,0
DA:69,0
DA:72,0
DA:76,0
DA:77,0
DA:79,0
LF:34
LH:0
BRDA:26,0,0,0
BRDA:34,1,0,0
BRDA:42,2,0,0
BRDA:48,3,0,0
BRDA:54,4,0,0
BRDA:63,5,0,0
BRDA:68,6,0,0
BRDA:76,7,0,0
BRDA:76,8,0,0
BRDA:76,8,1,0
BRF:10
BRH:0
end_of_record
TN:
SF:src/application/use-cases/vessel.use-cases.ts
FN:9,(anonymous_0)
FN:13,(anonymous_1)
FN:17,(anonymous_2)
FN:31,(anonymous_3)
FN:39,(anonymous_4)
FN:47,(anonymous_5)
FN:48,(anonymous_6)
FN:50,(anonymous_7)
FN:59,(anonymous_8)
FN:60,(anonymous_9)
FN:61,(anonymous_10)
FN:62,(anonymous_11)
FNF:12
FNH:0
FNDA:0,(anonymous_0)
FNDA:0,(anonymous_1)
FNDA:0,(anonymous_2)
FNDA:0,(anonymous_3)
FNDA:0,(anonymous_4)
FNDA:0,(anonymous_5)
FNDA:0,(anonymous_6)
FNDA:0,(anonymous_7)
FNDA:0,(anonymous_8)
FNDA:0,(anonymous_9)
FNDA:0,(anonymous_10)
FNDA:0,(anonymous_11)
DA:1,0
DA:4,0
DA:6,0
DA:8,0
DA:10,0
DA:14,0
DA:19,0
DA:20,0
DA:21,0
DA:23,0
DA:32,0
DA:33,0
DA:34,0
DA:36,0
DA:40,0
DA:41,0
DA:42,0
DA:44,0
DA:48,0
DA:50,0
DA:52,0
DA:53,0
DA:56,0
DA:59,0
DA:60,0
DA:61,0
DA:62,0
LF:27
LH:0
BRDA:33,0,0,0
BRDA:41,1,0,0
BRDA:52,2,0,0
BRF:3
BRH:0
end_of_record
TN:
SF:src/core/application/use-cases/apply-banked.use-case.ts
FN:6,(anonymous_0)
FN:11,(anonymous_1)
FNF:2
FNH:2
FNDA:6,(anonymous_0)
FNDA:6,(anonymous_1)
DA:5,2
DA:7,6
DA:8,6
DA:12,6
DA:13,1
DA:17,5
DA:18,5
DA:19,1
DA:22,4
DA:25,4
DA:26,4
DA:27,4
DA:30,4
DA:31,2
DA:35,2
DA:42,2
DA:44,2
LF:17
LH:17
BRDA:12,0,0,1
BRDA:18,1,0,1
BRDA:30,2,0,2
BRF:3
BRH:3
end_of_record
TN:
SF:src/core/application/use-cases/bank-surplus.use-case.ts
FN:6,(anonymous_0)
FN:11,(anonymous_1)
FNF:2
FNH:2
FNDA:7,(anonymous_0)
FNDA:8,(anonymous_1)
DA:5,2
DA:7,7
DA:8,7
DA:13,8
DA:14,2
DA:18,6
DA:19,6
DA:20,1
DA:24,5
DA:25,2
DA:29,3
DA:30,3
DA:32,3
DA:33,1
DA:37,2
LF:15
LH:15
BRDA:13,0,0,2
BRDA:19,1,0,1
BRDA:24,2,0,2
BRDA:32,3,0,1
BRF:4
BRH:4
end_of_record
TN:
SF:src/core/application/use-cases/compute-cb.use-case.ts
FN:7,(anonymous_0)
FN:12,(anonymous_1)
FNF:2
FNH:0
FNDA:0,(anonymous_0)
FNDA:0,(anonymous_1)
DA:4,0
DA:6,0
DA:8,0
DA:9,0
DA:14,0
DA:15,0
DA:16,0
DA:20,0
DA:23,0
DA:26,0
DA:33,0
DA:39,0
LF:12
LH:0
BRDA:15,0,0,0
BRF:1
BRH:0
end_of_record
TN:
SF:src/core/application/use-cases/create-pool.use-case.ts
FN:6,(anonymous_0)
FN:8,(anonymous_1)
FNF:2
FNH:2
FNDA:5,(anonymous_0)
FNDA:5,(anonymous_1)
DA:3,2
DA:5,2
DA:6,5
DA:10,5
DA:11,5
DA:12,2
DA:16,3
DA:19,3
DA:22,3
DA:23,7
DA:31,3
LF:11
LH:11
BRDA:11,0,0,2
BRF:1
BRH:1
end_of_record
TN:
SF:src/core/application/use-cases/get-adjusted-cb.use-case.ts
FN:8,(anonymous_0)
FN:14,(anonymous_1)
FNF:2
FNH:0
FNDA:0,(anonymous_0)
FNDA:0,(anonymous_1)
DA:5,0
DA:7,0
DA:9,0
DA:10,0
DA:11,0
DA:15,0
DA:16,0
DA:17,0
DA:20,0
DA:21,0
DA:22,0
DA:29,0
DA:30,0
DA:33,0
DA:35,0
LF:15
LH:0
BRDA:16,0,0,0
BRF:1
BRH:0
end_of_record
TN:
SF:src/core/application/use-cases/get-comparison.use-case.ts
FN:6,(anonymous_0)
FN:8,(anonymous_1)
FNF:2
FNH:2
FNDA:5,(anonymous_0)
FNDA:5,(anonymous_1)
DA:3,2
DA:5,2
DA:6,5
DA:9,5
DA:10,5
DA:11,2
DA:14,3
DA:15,3
DA:17,3
DA:18,8
DA:21,5
DA:24,5
DA:26,5
DA:34,3
LF:14
LH:14
BRDA:10,0,0,2
BRDA:18,1,0,3
BRF:2
BRH:2
end_of_record
TN:
SF:src/core/application/use-cases/get-routes.use-case.ts
FN:6,(anonymous_0)
FN:8,(anonymous_1)
FNF:2
FNH:2
FNDA:2,(anonymous_0)
FNDA:2,(anonymous_1)
DA:5,1
DA:6,2
DA:9,2
LF:3
LH:3
BRF:0
BRH:0
end_of_record
TN:
SF:src/core/application/use-cases/set-baseline.use-case.ts
FN:5,(anonymous_0)
FN:7,(anonymous_1)
FNF:2
FNH:0
FNDA:0,(anonymous_0)
FNDA:0,(anonymous_1)
DA:4,1
DA:5,0
DA:9,0
DA:10,0
DA:11,0
DA:15,0
DA:18,0
LF:7
LH:1
BRDA:10,0,0,0
BRF:1
BRH:0
end_of_record
TN:
SF:src/core/domain/services/compliance-calculator.service.ts
FN:26,(anonymous_0)
FN:42,(anonymous_1)
FN:50,(anonymous_2)
FN:59,(anonymous_3)
FN:72,(anonymous_4)
FN:81,(anonymous_5)
FN:89,(anonymous_6)
FN:97,(anonymous_7)
FN:106,(anonymous_8)
FN:113,(anonymous_9)
FN:114,(anonymous_10)
FNF:11
FNH:7
FNDA:12,(anonymous_0)
FNDA:0,(anonymous_1)
FNDA:6,(anonymous_2)
FNDA:4,(anonymous_3)
FNDA:9,(anonymous_4)
FNDA:8,(anonymous_5)
FNDA:3,(anonymous_6)
FNDA:0,(anonymous_7)
FNDA:3,(anonymous_8)
FNDA:0,(anonymous_9)
FNDA:0,(anonymous_10)
DA:5,3
DA:16,3
DA:17,3
DA:19,3
DA:20,3
DA:27,12
DA:35,12
DA:43,0
DA:51,6
DA:64,4
DA:65,4
DA:73,9
DA:74,8
DA:82,8
DA:83,8
DA:90,3
DA:91,3
DA:98,0
DA:99,0
DA:100,0
DA:107,3
DA:114,0
DA:115,0
LF:23
LH:17
BRDA:35,0,0,12
BRDA:35,0,1,1
BRDA:62,1,0,3
BRDA:73,2,0,1
BRDA:81,3,0,8
BRDA:90,4,0,3
BRDA:90,4,1,1
BRDA:98,5,0,0
BRDA:106,6,0,2
BRF:9
BRH:8
end_of_record
TN:
SF:src/core/domain/services/pooling-allocator.service.ts
FN:19,(anonymous_0)
FN:21,(anonymous_1)
FN:47,(anonymous_2)
FN:51,(anonymous_3)
FN:54,(anonymous_4)
FN:61,(anonymous_5)
FN:62,(anonymous_6)
FN:88,(anonymous_7)
FNF:8
FNH:8
FNDA:12,(anonymous_0)
FNDA:19,(anonymous_1)
FNDA:9,(anonymous_2)
FNDA:13,(anonymous_3)
FNDA:19,(anonymous_4)
FNDA:19,(anonymous_5)
FNDA:19,(anonymous_6)
FNDA:34,(anonymous_7)
DA:12,3
DA:20,12
DA:21,19
DA:24,12
DA:25,3
DA:29,12
DA:30,3
DA:33,12
DA:48,9
DA:51,13
DA:54,19
DA:61,19
DA:62,19
DA:65,8
DA:66,9
DA:67,9
DA:69,9
DA:70,12
DA:73,9
DA:74,9
DA:77,9
DA:80,9
DA:81,9
DA:82,9
DA:87,8
DA:88,34
DA:91,19
DA:92,0
DA:96,19
DA:97,0
DA:101,8
LF:31
LH:29
BRDA:24,0,0,3
BRDA:29,1,0,3
BRDA:48,2,0,1
BRDA:70,3,0,3
BRDA:74,4,0,0
BRDA:91,5,0,0
BRDA:91,6,0,19
BRDA:91,6,1,9
BRDA:96,7,0,0
BRDA:96,8,0,19
BRDA:96,8,1,10
BRF:11
BRH:8
end_of_record
TN:
SF:src/infrastructure/server/app.ts
FN:13,createApp
FN:33,(anonymous_2)
FN:38,(anonymous_3)
FNF:3
FNH:0
FNDA:0,createApp
FNDA:0,(anonymous_2)
FNDA:0,(anonymous_3)
DA:1,0
DA:2,0
DA:4,0
DA:5,0
DA:6,0
DA:7,0
DA:8,0
DA:9,0
DA:10,0
DA:11,0
DA:13,0
DA:14,0
DA:17,0
DA:18,0
DA:21,0
DA:22,0
DA:23,0
DA:24,0
DA:27,0
DA:28,0
DA:29,0
DA:30,0
DA:33,0
DA:34,0
DA:38,0
DA:39,0
DA:40,0
DA:43,0
LF:28
LH:0
BRF:0
BRH:0
end_of_record
TN:
SF:src/shared/middleware/async-handler.ts
FN:3,(anonymous_0)
FN:4,(anonymous_1)
FNF:2
FNH:0
FNDA:0,(anonymous_0)
FNDA:0,(anonymous_1)
DA:3,0
DA:4,0
DA:5,0
LF:3
LH:0
BRF:0
BRH:0
end_of_record
TN:
SF:src/shared/middleware/error-handler.ts
FN:8,(anonymous_0)
FNF:1
FNH:0
FNDA:0,(anonymous_0)
DA:8,0
DA:9,0
DA:10,0
DA:12,0
DA:13,0
DA:14,0
DA:17,0
LF:7
LH:0
BRDA:9,0,0,0
BRDA:9,0,1,0
BRDA:10,1,0,0
BRDA:10,1,1,0
BRDA:13,2,0,0
BRDA:20,3,0,0
BRDA:20,3,1,0
BRF:7
BRH:0
end_of_record
TN:
SF:src/shared/middleware/not-found-handler.ts
FN:3,(anonymous_0)
FNF:1
FNH:0
FNDA:0,(anonymous_0)
DA:3,0
DA:4,0
LF:2
LH:0
BRF:0
BRH:0
end_of_record
